[2024-05-09T13:57:11.314+0000] {local_task_job_runner.py:120} INFO - ::group::Pre task execution logs
[2024-05-09T13:57:11.398+0000] {taskinstance.py:2076} INFO - Dependencies all met for dep_context=non-requeueable deps ti=<TaskInstance: meu_dag.cria_pasta scheduled__2024-05-08T00:00:00+00:00 [queued]>
[2024-05-09T13:57:11.416+0000] {taskinstance.py:2076} INFO - Dependencies all met for dep_context=requeueable deps ti=<TaskInstance: meu_dag.cria_pasta scheduled__2024-05-08T00:00:00+00:00 [queued]>
[2024-05-09T13:57:11.421+0000] {taskinstance.py:2306} INFO - Starting attempt 1 of 1
[2024-05-09T13:57:11.446+0000] {taskinstance.py:2330} INFO - Executing <Task(BashOperator): cria_pasta> on 2024-05-08 00:00:00+00:00
[2024-05-09T13:57:11.457+0000] {warnings.py:110} WARNING - /home/***/.local/lib/python3.12/site-packages/***/task/task_runner/standard_task_runner.py:61: DeprecationWarning: This process (pid=884) is multi-threaded, use of fork() may lead to deadlocks in the child.
  pid = os.fork()

[2024-05-09T13:57:11.458+0000] {standard_task_runner.py:63} INFO - Started process 886 to run task
[2024-05-09T13:57:11.458+0000] {standard_task_runner.py:90} INFO - Running: ['***', 'tasks', 'run', 'meu_dag', 'cria_pasta', 'scheduled__2024-05-08T00:00:00+00:00', '--job-id', '6', '--raw', '--subdir', 'DAGS_FOLDER/teste.py', '--cfg-path', '/tmp/tmphiyp0_v8']
[2024-05-09T13:57:11.463+0000] {standard_task_runner.py:91} INFO - Job 6: Subtask cria_pasta
[2024-05-09T13:57:11.528+0000] {task_command.py:426} INFO - Running <TaskInstance: meu_dag.cria_pasta scheduled__2024-05-08T00:00:00+00:00 [running]> on host 605c16266d54
[2024-05-09T13:57:11.671+0000] {taskinstance.py:2648} INFO - Exporting env vars: AIRFLOW_CTX_DAG_OWNER='***' AIRFLOW_CTX_DAG_ID='meu_dag' AIRFLOW_CTX_TASK_ID='cria_pasta' AIRFLOW_CTX_EXECUTION_DATE='2024-05-08T00:00:00+00:00' AIRFLOW_CTX_TRY_NUMBER='1' AIRFLOW_CTX_DAG_RUN_ID='scheduled__2024-05-08T00:00:00+00:00'
[2024-05-09T13:57:11.674+0000] {taskinstance.py:430} INFO - ::endgroup::
[2024-05-09T13:57:11.677+0000] {subprocess.py:63} INFO - Tmp dir root location: /tmp
[2024-05-09T13:57:11.679+0000] {subprocess.py:75} INFO - Running command: ['/usr/bin/bash', '-c', 'mkdir -p "C:/Users/gabri/OneDrive/Códigos/pasta"']
[2024-05-09T13:57:11.701+0000] {subprocess.py:86} INFO - Output:
[2024-05-09T13:57:11.760+0000] {subprocess.py:97} INFO - Command exited with return code 0
[2024-05-09T13:57:11.762+0000] {taskinstance.py:441} INFO - ::group::Post task execution logs
[2024-05-09T13:57:11.808+0000] {taskinstance.py:1206} INFO - Marking task as SUCCESS. dag_id=meu_dag, task_id=cria_pasta, run_id=scheduled__2024-05-08T00:00:00+00:00, execution_date=20240508T000000, start_date=20240509T135711, end_date=20240509T135711
[2024-05-09T13:57:11.877+0000] {local_task_job_runner.py:240} INFO - Task exited with return code 0
[2024-05-09T13:57:11.902+0000] {taskinstance.py:3498} INFO - 0 downstream tasks scheduled from follow-on schedule check
[2024-05-09T13:57:11.909+0000] {local_task_job_runner.py:222} INFO - ::endgroup::
