[2024-07-02T12:20:57.478+0000] {local_task_job_runner.py:120} INFO - ::group::Pre task execution logs
[2024-07-02T12:20:57.500+0000] {taskinstance.py:2076} INFO - Dependencies all met for dep_context=non-requeueable deps ti=<TaskInstance: Biancoll.Executar_Cubo manual__2024-07-02T12:20:55.968203+00:00 [queued]>
[2024-07-02T12:20:57.510+0000] {taskinstance.py:2076} INFO - Dependencies all met for dep_context=requeueable deps ti=<TaskInstance: Biancoll.Executar_Cubo manual__2024-07-02T12:20:55.968203+00:00 [queued]>
[2024-07-02T12:20:57.512+0000] {taskinstance.py:2306} INFO - Starting attempt 1 of 1
[2024-07-02T12:20:57.526+0000] {taskinstance.py:2330} INFO - Executing <Task(PythonOperator): Executar_Cubo> on 2024-07-02 12:20:55.968203+00:00
[2024-07-02T12:20:57.533+0000] {warnings.py:110} WARNING - /home/***/.local/lib/python3.12/site-packages/***/task/task_runner/standard_task_runner.py:61: DeprecationWarning: This process (pid=83) is multi-threaded, use of fork() may lead to deadlocks in the child.
  pid = os.fork()

[2024-07-02T12:20:57.536+0000] {standard_task_runner.py:63} INFO - Started process 85 to run task
[2024-07-02T12:20:57.535+0000] {standard_task_runner.py:90} INFO - Running: ['***', 'tasks', 'run', 'Biancoll', 'Executar_Cubo', 'manual__2024-07-02T12:20:55.968203+00:00', '--job-id', '139', '--raw', '--subdir', 'DAGS_FOLDER/Biancoll.py', '--cfg-path', '/tmp/tmpwiormbfn']
[2024-07-02T12:20:57.537+0000] {standard_task_runner.py:91} INFO - Job 139: Subtask Executar_Cubo
[2024-07-02T12:20:57.584+0000] {task_command.py:426} INFO - Running <TaskInstance: Biancoll.Executar_Cubo manual__2024-07-02T12:20:55.968203+00:00 [running]> on host c8278d083165
[2024-07-02T12:20:57.673+0000] {taskinstance.py:2648} INFO - Exporting env vars: AIRFLOW_CTX_DAG_OWNER='***' AIRFLOW_CTX_DAG_ID='Biancoll' AIRFLOW_CTX_TASK_ID='Executar_Cubo' AIRFLOW_CTX_EXECUTION_DATE='2024-07-02T12:20:55.968203+00:00' AIRFLOW_CTX_TRY_NUMBER='1' AIRFLOW_CTX_DAG_RUN_ID='manual__2024-07-02T12:20:55.968203+00:00'
[2024-07-02T12:20:57.675+0000] {taskinstance.py:430} INFO - ::endgroup::
[2024-07-02T12:20:57.676+0000] {logging_mixin.py:188} INFO - Correto
[2024-07-02T12:20:57.676+0000] {python.py:237} INFO - Done. Returned value was: None
[2024-07-02T12:20:57.677+0000] {taskinstance.py:441} INFO - ::group::Post task execution logs
[2024-07-02T12:20:57.686+0000] {taskinstance.py:1206} INFO - Marking task as SUCCESS. dag_id=Biancoll, task_id=Executar_Cubo, run_id=manual__2024-07-02T12:20:55.968203+00:00, execution_date=20240702T122055, start_date=20240702T122057, end_date=20240702T122057
[2024-07-02T12:20:57.711+0000] {local_task_job_runner.py:240} INFO - Task exited with return code 0
[2024-07-02T12:20:57.727+0000] {taskinstance.py:3498} INFO - 0 downstream tasks scheduled from follow-on schedule check
[2024-07-02T12:20:57.731+0000] {local_task_job_runner.py:222} INFO - ::endgroup::
